1.2 http://example.com
2.3 http://another-example.com
3.1 http://example.com
1.5 http://example.com
2.0 http://another-example.com
1.8 http://yetanother-example.com
0.9 http://example.com
2.5 http://example.com
0.5 http://example.com
3.0 http://another-example.com
1.2 http://yetanother-example.com
4.1 http://example.com
2.2 http://example.com
abc http://example.com  # Некорректное время
1.0  # Отсутствует URL
2.0 http://example.com
2.0 http://another-example.com
2.0 http://yetanother-example.com
0.0 http://example.com
1.0 http://another-example.com
0.0 http://yetanother-example.com